#
# A fatal error has been detected by the Java Runtime Environment:
#
#  SIGSEGV (0xb) at pc=0x00007f1b320a2e0b, pid=22717, tid=0x00007f1b5a549700
#
# JRE version: Java(TM) SE Runtime Environment (8.0_191-b12) (build 1.8.0_191-b12)
# Java VM: Java HotSpot(TM) 64-Bit Server VM (25.191-b12 mixed mode linux-amd64 compressed oops)
# Problematic frame:
# C  [libusb-1.0.so.0+0x5e0b]  libusb_exit+0x9b
#
# Failed to write core dump. Core dumps have been disabled. To enable core dumping, try "ulimit -c unlimited" before starting Java again
#
# If you would like to submit a bug report, please visit:
#   http://bugreport.java.com/bugreport/crash.jsp
# The crash happened outside the Java Virtual Machine in native code.
# See problematic frame for where to report the bug.
#

---------------  T H R E A D  ---------------

Current thread (0x00007f1b5400c000):  JavaThread "main" [_thread_in_native, id=22720, stack(0x00007f1b5a449000,0x00007f1b5a54a000)]

siginfo: si_signo: 11 (SIGSEGV), si_code: 1 (SEGV_MAPERR), si_addr: 0x0000000000000000

Registers:
RAX=0x0000000000000000, RBX=0x00007f1b543ba160, RCX=0x0000000000000000, RDX=0x0000000000000000
RSP=0x00007f1b5a547ad0, RBP=0x00007f1b5a547b30, RSI=0x0000000000000000, RDI=0x00007f1b322b4320
R8 =0x00007f1b322b4320, R9 =0x00007f1b58c4ab46, R10=0x00007f1b5a547a80, R11=0x00007f1b32301090
R12=0x0000000000000000, R13=0x00007f1b5a5484d0, R14=0x00007f1b5a547a80, R15=0x0000000000000000
RIP=0x00007f1b320a2e0b, EFLAGS=0x0000000000010202, CSGSFS=0x002b000000000033, ERR=0x0000000000000006
  TRAPNO=0x000000000000000e

Top of Stack: (sp=0x00007f1b5a547ad0)
0x00007f1b5a547ad0:   0000000000000000 0000000000000000
0x00007f1b5a547ae0:   00007f1b5a547b70 a93fa3aa633b1200
0x00007f1b5a547af0:   0000000000000000 00007f1b5a547b30
0x00007f1b5a547b00:   0000000000000000 00007f1b5a5484d0
0x00007f1b5a547b10:   00007f1b5a547a80 00007f1b323010a5
0x00007f1b5a547b20:   00007f1b41dbf8f8 00007f1b3251665c
0x00007f1b5a547b30:   0000000000000000 00007f1b5a548550
0x00007f1b5a547b40:   00007f1b5a547c20 00007f1b32516164
0x00007f1b5a547b50:   00007f1b41dc3378 00007f1b5400c000
0x00007f1b5a547b60:   00007f1b41dc3378 00007f1b5400c000
0x00007f1b5a547b70:   00007f1b41dc5268 00007f1b5400c000
0x00007f1b5a547b80:   00007f1b41dc3378 00007f1b54085e20
0x00007f1b5a547b90:   00007f1b5a547c30 00007f1b5a548550
0x00007f1b5a547ba0:   00007f1b32301090 00007f1b5a547b30
0x00007f1b5a547bb0:   00007f1b5a547c40 00007f1b00000000
0x00007f1b5a547bc0:   0000000041dc5268 00007f1b5400c000
0x00007f1b5a547bd0:   00007f1b41dc5268 00007f1b41f284e0
0x00007f1b5a547be0:   0000000000000000 00007f1b41f284e0
0x00007f1b5a547bf0:   00007f1b5a548608 0000000000000000
0x00007f1b5a547c00:   0000000000000000 00007f1b41f284e0
0x00007f1b5a547c10:   00007f1b5a548608 0000000000000000
0x00007f1b5a547c20:   00007f1b5a548540 00007f1b32509870
0x00007f1b5a547c30:   0000000000000000 00007f1b5400c000
0x00007f1b5a547c40:   00007f1b5a547c60 00007f1b5904b42b
0x00007f1b5a547c50:   00007f1b41f284e0 0000000000000000
0x00007f1b5a547c60:   00007f1b5a548540 00007f1b32509709
0x00007f1b5a547c70:   00007f1b41dbff4b 00007f1b5a5484d0
0x00007f1b5a547c80:   00007f1b5a548550 00007f1b32518fd0
0x00007f1b5a547c90:   00007f1b5a5485f0 0000000000000000
0x00007f1b5a547ca0:   00007f1b32301090 00007f1b5400c1f8
0x00007f1b5a547cb0:   00007f1b5a547c50 00007f1b5a547c40
0x00007f1b5a547cc0:   00007f1b5a547c30 0000000000000000 

Instructions: (pc=0x00007f1b320a2e0b)
0x00007f1b320a2deb:   8d 3d 2f 15 21 00 e8 ca de ff ff 48 8b 93 10 02
0x00007f1b320a2dfb:   00 00 48 8b 83 18 02 00 00 48 8d 3d 15 15 21 00
0x00007f1b320a2e0b:   48 89 10 48 8b 93 10 02 00 00 48 89 42 08 48 c7
0x00007f1b320a2e1b:   83 10 02 00 00 00 00 00 00 48 c7 83 18 02 00 00 

Register to memory mapping:

RAX=0x0000000000000000 is an unknown value
RBX=0x00007f1b543ba160 is an unknown value
RCX=0x0000000000000000 is an unknown value
RDX=0x0000000000000000 is an unknown value
RSP=0x00007f1b5a547ad0 is pointing into the stack for thread: 0x00007f1b5400c000
RBP=0x00007f1b5a547b30 is pointing into the stack for thread: 0x00007f1b5400c000
RSI=0x0000000000000000 is an unknown value
RDI=0x00007f1b322b4320: <offset 0x217320> in /lib/x86_64-linux-gnu/libusb-1.0.so.0 at 0x00007f1b3209d000
R8 =0x00007f1b322b4320: <offset 0x217320> in /lib/x86_64-linux-gnu/libusb-1.0.so.0 at 0x00007f1b3209d000
R9 =0x00007f1b58c4ab46: <offset 0x2bfb46> in /usr/lib/jvm/java-8-oracle/jre/lib/amd64/server/libjvm.so at 0x00007f1b5898b000
R10=0x00007f1b5a547a80 is pointing into the stack for thread: 0x00007f1b5400c000
R11=0x00007f1b32301090: hid_exit+0 in /tmp/jna-1693739564/jna923053680320569007.tmp at 0x00007f1b322fd000
R12=0x0000000000000000 is an unknown value
R13=0x00007f1b5a5484d0 is pointing into the stack for thread: 0x00007f1b5400c000
R14=0x00007f1b5a547a80 is pointing into the stack for thread: 0x00007f1b5400c000
R15=0x0000000000000000 is an unknown value


Stack: [0x00007f1b5a449000,0x00007f1b5a54a000],  sp=0x00007f1b5a547ad0,  free space=1018k
Native frames: (J=compiled Java code, j=interpreted, Vv=VM code, C=native code)
C  [libusb-1.0.so.0+0x5e0b]  libusb_exit+0x9b
C  0x00007f1b5a548550

Java frames: (J=compiled Java code, j=interpreted, Vv=VM code)
j  com.sun.jna.Native.invokeVoid(JI[Ljava/lang/Object;)V+0
j  com.sun.jna.Function.invoke([Ljava/lang/Object;Ljava/lang/Class;Z)Ljava/lang/Object;+29
j  com.sun.jna.Function.invoke(Ljava/lang/reflect/Method;[Ljava/lang/Class;Ljava/lang/Class;[Ljava/lang/Object;Ljava/util/Map;)Ljava/lang/Object;+249
j  com.sun.jna.Library$Handler.invoke(Ljava/lang/Object;Ljava/lang/reflect/Method;[Ljava/lang/Object;)Ljava/lang/Object;+348
j  com.sun.proxy.$Proxy0.hid_exit()V+9
j  org.hid4java.jna.HidApi.exit()V+3
j  org.hid4java.HidServices.shutdown()V+4
j  com.HIDInterface.HIDInterface.EndHID()V+5
j  HIDCommsTest.main([Ljava/lang/String;)V+562
v  ~StubRoutines::call_stub

---------------  P R O C E S S  ---------------

Java Threads: ( => current thread )
  0x00007f1af8001000 JavaThread "SIGINT handler" daemon [_thread_blocked, id=23069, stack(0x00007f1b31498000,0x00007f1b31599000)]
  0x00007f1b543ff800 JavaThread "hid4java event worker" daemon [_thread_blocked, id=22790, stack(0x00007f1b31599000,0x00007f1b3169a000)]
  0x00007f1b543eb000 JavaThread "hid4java event worker" daemon [_thread_blocked, id=22789, stack(0x00007f1b3169a000,0x00007f1b3179b000)]
  0x00007f1b54405800 JavaThread "hid4java event worker" daemon [_thread_blocked, id=22788, stack(0x00007f1b3179b000,0x00007f1b3189c000)]
  0x00007f1b543a6000 JavaThread "process reaper" daemon [_thread_blocked, id=22768, stack(0x00007f1b40020000,0x00007f1b40059000)]
  0x00007f1b5428e800 JavaThread "Service Thread" daemon [_thread_blocked, id=22758, stack(0x00007f1b3271d000,0x00007f1b3281e000)]
  0x00007f1b5428b800 JavaThread "C1 CompilerThread3" daemon [_thread_blocked, id=22757, stack(0x00007f1b32a35000,0x00007f1b32b36000)]
  0x00007f1b54289800 JavaThread "C2 CompilerThread2" daemon [_thread_blocked, id=22756, stack(0x00007f1b32b36000,0x00007f1b32c37000)]
  0x00007f1b54286000 JavaThread "C2 CompilerThread1" daemon [_thread_in_vm, id=22755, stack(0x00007f1b32c37000,0x00007f1b32d38000)]
  0x00007f1b54284000 JavaThread "C2 CompilerThread0" daemon [_thread_blocked, id=22754, stack(0x00007f1b32d38000,0x00007f1b32e39000)]
  0x00007f1b54281800 JavaThread "Monitor Ctrl-Break" daemon [_thread_in_native, id=22753, stack(0x00007f1b32e39000,0x00007f1b32f3a000)]
  0x00007f1b54209000 JavaThread "Signal Dispatcher" daemon [_thread_blocked, id=22752, stack(0x00007f1b32f3a000,0x00007f1b3303b000)]
  0x00007f1b541d5800 JavaThread "Finalizer" daemon [_thread_blocked, id=22744, stack(0x00007f1b339fa000,0x00007f1b33afb000)]
  0x00007f1b541d3000 JavaThread "Reference Handler" daemon [_thread_blocked, id=22743, stack(0x00007f1b33afb000,0x00007f1b33bfc000)]
=>0x00007f1b5400c000 JavaThread "main" [_thread_in_native, id=22720, stack(0x00007f1b5a449000,0x00007f1b5a54a000)]

Other Threads:
  0x00007f1b541c9800 VMThread [stack: 0x00007f1b33bfc000,0x00007f1b33cfd000] [id=22740]
  0x00007f1b54291800 WatcherThread [stack: 0x00007f1b3261c000,0x00007f1b3271d000] [id=22759]

VM state:not at safepoint (normal execution)

VM Mutex/Monitor currently owned by a thread: None

Heap:
 PSYoungGen      total 74752K, used 25869K [0x000000076d000000, 0x0000000772300000, 0x00000007c0000000)
  eden space 64512K, 40% used [0x000000076d000000,0x000000076e943460,0x0000000770f00000)
  from space 10240K, 0% used [0x0000000771900000,0x0000000771900000,0x0000000772300000)
  to   space 10240K, 0% used [0x0000000770f00000,0x0000000770f00000,0x0000000771900000)
 ParOldGen       total 171008K, used 0K [0x00000006c7000000, 0x00000006d1700000, 0x000000076d000000)
  object space 171008K, 0% used [0x00000006c7000000,0x00000006c7000000,0x00000006d1700000)
 Metaspace       used 5830K, capacity 5990K, committed 6144K, reserved 1056768K
  class space    used 662K, capacity 741K, committed 768K, reserved 1048576K

Card table byte_map: [0x00007f1b43810000,0x00007f1b43fd9000] byte_map_base: 0x00007f1b401d8000

Marking Bits: (ParMarkBitMap*) 0x00007f1b59951d40
 Begin Bits: [0x00007f1b0c380000, 0x00007f1b101c0000)
 End Bits:   [0x00007f1b101c0000, 0x00007f1b14000000)

Polling page: 0x00007f1b5a596000

CodeCache: size=245760Kb used=2307Kb max_used=2318Kb free=243452Kb
 bounds [0x00007f1b44399000, 0x00007f1b44609000, 0x00007f1b53399000]
 total_blobs=802 nmethods=503 adapters=213
 compilation: enabled

Compilation events (10 events):
Event: 33.007 Thread 0x00007f1b5428b800  500       3       java.util.ArrayList$Itr::<init> (26 bytes)
Event: 33.008 Thread 0x00007f1b5428b800 nmethod 500 0x00007f1b445d92d0 code [0x00007f1b445d9440, 0x00007f1b445d9630]
Event: 33.008 Thread 0x00007f1b5428b800  501       3       com.sun.jna.Structure::reading (10 bytes)
Event: 33.008 Thread 0x00007f1b54289800  502   !   4       com.sun.jna.Structure::ensureAllocated (76 bytes)
Event: 33.009 Thread 0x00007f1b5428b800 nmethod 501 0x00007f1b445d9710 code [0x00007f1b445d9880, 0x00007f1b445d9b68]
Event: 33.009 Thread 0x00007f1b5428b800  503       3       java.util.HashMap$HashIterator::hasNext (13 bytes)
Event: 33.009 Thread 0x00007f1b5428b800 nmethod 503 0x00007f1b445d9c10 code [0x00007f1b445d9d80, 0x00007f1b445d9f30]
Event: 33.009 Thread 0x00007f1b5428b800  504       3       org.hid4java.HidDevice::equals (41 bytes)
Event: 33.010 Thread 0x00007f1b5428b800 nmethod 504 0x00007f1b445d9f90 code [0x00007f1b445da120, 0x00007f1b445da628]
Event: 33.012 Thread 0x00007f1b54289800 nmethod 502 0x00007f1b445dd410 code [0x00007f1b445dd560, 0x00007f1b445dd608]

GC Heap History (0 events):
No events

Deoptimization events (0 events):
No events

Classes redefined (0 events):
No events

Internal exceptions (10 events):
Event: 0.100 Thread 0x00007f1b5400c000 Exception <a 'java/security/PrivilegedActionException'> (0x000000076d49cf98) thrown at [/HUDSON/workspace/8-2-build-linux-amd64/jdk8u191/11894/hotspot/src/share/vm/prims/jvm.cpp, line 1435]
Event: 0.100 Thread 0x00007f1b5400c000 Exception <a 'java/security/PrivilegedActionException'> (0x000000076d49d1a8) thrown at [/HUDSON/workspace/8-2-build-linux-amd64/jdk8u191/11894/hotspot/src/share/vm/prims/jvm.cpp, line 1435]
Event: 0.100 Thread 0x00007f1b5400c000 Exception <a 'java/security/PrivilegedActionException'> (0x000000076d49f610) thrown at [/HUDSON/workspace/8-2-build-linux-amd64/jdk8u191/11894/hotspot/src/share/vm/prims/jvm.cpp, line 1435]
Event: 0.100 Thread 0x00007f1b5400c000 Exception <a 'java/security/PrivilegedActionException'> (0x000000076d49f820) thrown at [/HUDSON/workspace/8-2-build-linux-amd64/jdk8u191/11894/hotspot/src/share/vm/prims/jvm.cpp, line 1435]
Event: 0.161 Thread 0x00007f1b5400c000 Exception <a 'java/lang/NoSuchFieldError': method resolution failed> (0x000000076d75d5e8) thrown at [/HUDSON/workspace/8-2-build-linux-amd64/jdk8u191/11894/hotspot/src/share/vm/prims/methodHandles.cpp, line 1167]
Event: 0.162 Thread 0x00007f1b5400c000 Exception <a 'java/lang/NoSuchFieldError': method resolution failed> (0x000000076d76b5d8) thrown at [/HUDSON/workspace/8-2-build-linux-amd64/jdk8u191/11894/hotspot/src/share/vm/prims/methodHandles.cpp, line 1167]
Event: 0.191 Thread 0x00007f1b5400c000 Exception <a 'java/lang/UnsatisfiedLinkError': libhidapi.so: cannot open shared object file: No such file or directory> (0x000000076d91a940) thrown at [/HUDSON/workspace/8-2-build-linux-amd64/jdk8u191/11894/hotspot/src/share/vm/prims/jni.cpp, line 735]
Event: 0.191 Thread 0x00007f1b5400c000 Exception <a 'java/lang/UnsatisfiedLinkError': libhidapi.so: cannot open shared object file: No such file or directory> (0x000000076d91d7f8) thrown at [/HUDSON/workspace/8-2-build-linux-amd64/jdk8u191/11894/hotspot/src/share/vm/prims/jni.cpp, line 735]
Event: 27.348 Thread 0x00007f1b543f2000 Exception <a 'java/lang/InterruptedException': sleep interrupted> (0x000000076e1e9110) thrown at [/HUDSON/workspace/8-2-build-linux-amd64/jdk8u191/11894/hotspot/src/share/vm/prims/jvm.cpp, line 3273]
Event: 33.009 Thread 0x00007f1b543ee800 Exception <a 'java/lang/InterruptedException': sleep interrupted> (0x000000076e30ffb8) thrown at [/HUDSON/workspace/8-2-build-linux-amd64/jdk8u191/11894/hotspot/src/share/vm/prims/jvm.cpp, line 3273]

Events (10 events):
Event: 27.401 loading class java/util/IdentityHashMap$KeyIterator
Event: 27.401 loading class java/util/IdentityHashMap$IdentityHashMapIterator
Event: 27.401 loading class java/util/IdentityHashMap$IdentityHashMapIterator done
Event: 27.401 loading class java/util/IdentityHashMap$KeyIterator done
Event: 27.401 Thread 0x00007f1ac8003000 Thread added: 0x00007f1ac8003000
Event: 33.009 Executing VM operation: RevokeBias
Event: 33.010 Executing VM operation: RevokeBias done
Event: 33.012 Executing VM operation: RevokeBias
Event: 33.020 Executing VM operation: RevokeBias done
Event: 33.023 Thread 0x00007f1b543ee800 Thread exited: 0x00007f1b543ee800


Dynamic libraries:
00400000-00401000 r-xp 00000000 103:06 275331                            /usr/lib/jvm/java-8-oracle/bin/java
00600000-00601000 r--p 00000000 103:06 275331                            /usr/lib/jvm/java-8-oracle/bin/java
00601000-00602000 rw-p 00001000 103:06 275331                            /usr/lib/jvm/java-8-oracle/bin/java
00dc4000-00de5000 rw-p 00000000 00:00 0                                  [heap]
6c7000000-6d1700000 rw-p 00000000 00:00 0 
6d1700000-76d000000 ---p 00000000 00:00 0 
76d000000-772300000 rw-p 00000000 00:00 0 
772300000-7c0000000 ---p 00000000 00:00 0 
7c0000000-7c00c0000 rw-p 00000000 00:00 0 
7c00c0000-800000000 ---p 00000000 00:00 0 
7f1ac0000000-7f1ac0021000 rw-p 00000000 00:00 0 
7f1ac0021000-7f1ac4000000 ---p 00000000 00:00 0 
7f1ac4000000-7f1ac4021000 rw-p 00000000 00:00 0 
7f1ac4021000-7f1ac8000000 ---p 00000000 00:00 0 
7f1ac8000000-7f1ac8021000 rw-p 00000000 00:00 0 
7f1ac8021000-7f1acc000000 ---p 00000000 00:00 0 
7f1acc000000-7f1acc021000 rw-p 00000000 00:00 0 
7f1acc021000-7f1ad0000000 ---p 00000000 00:00 0 
7f1ad0000000-7f1ad0021000 rw-p 00000000 00:00 0 
7f1ad0021000-7f1ad4000000 ---p 00000000 00:00 0 
7f1ad4000000-7f1ad4021000 rw-p 00000000 00:00 0 
7f1ad4021000-7f1ad8000000 ---p 00000000 00:00 0 
7f1ad8000000-7f1ad8021000 rw-p 00000000 00:00 0 
7f1ad8021000-7f1adc000000 ---p 00000000 00:00 0 
7f1adc000000-7f1adc021000 rw-p 00000000 00:00 0 
7f1adc021000-7f1ae0000000 ---p 00000000 00:00 0 
7f1ae0000000-7f1ae0021000 rw-p 00000000 00:00 0 
7f1ae0021000-7f1ae4000000 ---p 00000000 00:00 0 
7f1ae4000000-7f1ae4021000 rw-p 00000000 00:00 0 
7f1ae4021000-7f1ae8000000 ---p 00000000 00:00 0 
7f1ae8000000-7f1ae80f8000 rw-p 00000000 00:00 0 
7f1ae80f8000-7f1aec000000 ---p 00000000 00:00 0 
7f1aec000000-7f1aec1ed000 rw-p 00000000 00:00 0 
7f1aec1ed000-7f1af0000000 ---p 00000000 00:00 0 
7f1af0000000-7f1af0101000 rw-p 00000000 00:00 0 
7f1af0101000-7f1af4000000 ---p 00000000 00:00 0 
7f1af4000000-7f1af40b2000 rw-p 00000000 00:00 0 
7f1af40b2000-7f1af8000000 ---p 00000000 00:00 0 
7f1af8000000-7f1af8021000 rw-p 00000000 00:00 0 
7f1af8021000-7f1afc000000 ---p 00000000 00:00 0 
7f1afc000000-7f1afc02f000 rw-p 00000000 00:00 0 
7f1afc02f000-7f1b00000000 ---p 00000000 00:00 0 
7f1b00000000-7f1b00021000 rw-p 00000000 00:00 0 
7f1b00021000-7f1b04000000 ---p 00000000 00:00 0 
7f1b04000000-7f1b04021000 rw-p 00000000 00:00 0 
7f1b04021000-7f1b08000000 ---p 00000000 00:00 0 
7f1b08000000-7f1b08021000 rw-p 00000000 00:00 0 
7f1b08021000-7f1b0c000000 ---p 00000000 00:00 0 
7f1b0c380000-7f1b14000000 rw-p 00000000 00:00 0 
7f1b14000000-7f1b14021000 rw-p 00000000 00:00 0 
7f1b14021000-7f1b18000000 ---p 00000000 00:00 0 
7f1b18000000-7f1b18021000 rw-p 00000000 00:00 0 
7f1b18021000-7f1b1c000000 ---p 00000000 00:00 0 
7f1b1c000000-7f1b1c021000 rw-p 00000000 00:00 0 
7f1b1c021000-7f1b20000000 ---p 00000000 00:00 0 
7f1b24000000-7f1b24021000 rw-p 00000000 00:00 0 
7f1b24021000-7f1b28000000 ---p 00000000 00:00 0 
7f1b28fff000-7f1b2c000000 rw-p 00000000 00:00 0 
7f1b2c000000-7f1b2c021000 rw-p 00000000 00:00 0 
7f1b2c021000-7f1b30000000 ---p 00000000 00:00 0 
7f1b30a95000-7f1b30a98000 ---p 00000000 00:00 0 
7f1b30a98000-7f1b30b96000 rw-p 00000000 00:00 0 
7f1b30b96000-7f1b30b99000 ---p 00000000 00:00 0 
7f1b30b99000-7f1b30c97000 rw-p 00000000 00:00 0 
7f1b30c97000-7f1b30c98000 ---p 00000000 00:00 0 
7f1b30c98000-7f1b31498000 rw-p 00000000 00:00 0 
7f1b31498000-7f1b3149b000 ---p 00000000 00:00 0 
7f1b3149b000-7f1b31599000 rw-p 00000000 00:00 0 
7f1b31599000-7f1b3159c000 ---p 00000000 00:00 0 
7f1b3159c000-7f1b3169a000 rw-p 00000000 00:00 0 
7f1b3169a000-7f1b3169d000 ---p 00000000 00:00 0 
7f1b3169d000-7f1b3179b000 rw-p 00000000 00:00 0 
7f1b3179b000-7f1b3179e000 ---p 00000000 00:00 0 
7f1b3179e000-7f1b3189c000 rw-p 00000000 00:00 0 
7f1b3189c000-7f1b3189d000 ---p 00000000 00:00 0 
7f1b3189d000-7f1b3209d000 rw-p 00000000 00:00 0 
7f1b3209d000-7f1b320b4000 r-xp 00000000 103:06 13243155                  /lib/x86_64-linux-gnu/libusb-1.0.so.0.1.0
7f1b320b4000-7f1b322b3000 ---p 00017000 103:06 13243155                  /lib/x86_64-linux-gnu/libusb-1.0.so.0.1.0
7f1b322b3000-7f1b322b4000 r--p 00016000 103:06 13243155                  /lib/x86_64-linux-gnu/libusb-1.0.so.0.1.0
7f1b322b4000-7f1b322b5000 rw-p 00017000 103:06 13243155                  /lib/x86_64-linux-gnu/libusb-1.0.so.0.1.0
7f1b322fd000-7f1b32303000 r-xp 00000000 103:06 8524642                   /tmp/jna-1693739564/jna923053680320569007.tmp (deleted)
7f1b32303000-7f1b32502000 ---p 00006000 103:06 8524642                   /tmp/jna-1693739564/jna923053680320569007.tmp (deleted)
7f1b32502000-7f1b32503000 r--p 00005000 103:06 8524642                   /tmp/jna-1693739564/jna923053680320569007.tmp (deleted)
7f1b32503000-7f1b32504000 rw-p 00006000 103:06 8524642                   /tmp/jna-1693739564/jna923053680320569007.tmp (deleted)
7f1b32504000-7f1b3251b000 r-xp 00000000 103:06 8524641                   /tmp/jna-1693739564/jna3075603160803889377.tmp (deleted)
7f1b3251b000-7f1b3261a000 ---p 00017000 103:06 8524641                   /tmp/jna-1693739564/jna3075603160803889377.tmp (deleted)
7f1b3261a000-7f1b3261c000 rw-p 00016000 103:06 8524641                   /tmp/jna-1693739564/jna3075603160803889377.tmp (deleted)
7f1b3261c000-7f1b3261d000 ---p 00000000 00:00 0 
7f1b3261d000-7f1b3271d000 rw-p 00000000 00:00 0 
7f1b3271d000-7f1b32720000 ---p 00000000 00:00 0 
7f1b32720000-7f1b3281e000 rw-p 00000000 00:00 0 
7f1b3281e000-7f1b32834000 r-xp 00000000 103:06 6030576                   /usr/lib/jvm/java-8-oracle/jre/lib/amd64/libnet.so
7f1b32834000-7f1b32a33000 ---p 00016000 103:06 6030576                   /usr/lib/jvm/java-8-oracle/jre/lib/amd64/libnet.so
7f1b32a33000-7f1b32a34000 r--p 00015000 103:06 6030576                   /usr/lib/jvm/java-8-oracle/jre/lib/amd64/libnet.so
7f1b32a34000-7f1b32a35000 rw-p 00016000 103:06 6030576                   /usr/lib/jvm/java-8-oracle/jre/lib/amd64/libnet.so
7f1b32a35000-7f1b32a38000 ---p 00000000 00:00 0 
7f1b32a38000-7f1b32b36000 rw-p 00000000 00:00 0 
7f1b32b36000-7f1b32b39000 ---p 00000000 00:00 0 
7f1b32b39000-7f1b32c37000 rw-p 00000000 00:00 0 
7f1b32c37000-7f1b32c3a000 ---p 00000000 00:00 0 
7f1b32c3a000-7f1b32d38000 rw-p 00000000 00:00 0 
7f1b32d38000-7f1b32d3b000 ---p 00000000 00:00 0 
7f1b32d3b000-7f1b32e39000 rw-p 00000000 00:00 0 
7f1b32e39000-7f1b32e3c000 ---p 00000000 00:00 0 
7f1b32e3c000-7f1b32f3a000 rw-p 00000000 00:00 0 
7f1b32f3a000-7f1b32f3d000 ---p 00000000 00:00 0 
7f1b32f3d000-7f1b3303b000 rw-p 00000000 00:00 0 
7f1b3303b000-7f1b339fa000 r--p 00000000 103:06 14031924                  /usr/lib/locale/locale-archive
7f1b339fa000-7f1b339fd000 ---p 00000000 00:00 0 
7f1b339fd000-7f1b33afb000 rw-p 00000000 00:00 0 
7f1b33afb000-7f1b33afe000 ---p 00000000 00:00 0 
7f1b33afe000-7f1b33bfc000 rw-p 00000000 00:00 0 
7f1b33bfc000-7f1b33bfd000 ---p 00000000 00:00 0 
7f1b33bfd000-7f1b34000000 rw-p 00000000 00:00 0 
7f1b34000000-7f1b34021000 rw-p 00000000 00:00 0 
7f1b34021000-7f1b38000000 ---p 00000000 00:00 0 
7f1b38000000-7f1b38021000 rw-p 00000000 00:00 0 
7f1b38021000-7f1b3c000000 ---p 00000000 00:00 0 
7f1b3c000000-7f1b3c021000 rw-p 00000000 00:00 0 
7f1b3c021000-7f1b40000000 ---p 00000000 00:00 0 
7f1b40000000-7f1b4001e000 r-xp 00000000 103:06 13239341                  /lib/x86_64-linux-gnu/libudev.so.1.6.4
7f1b4001e000-7f1b4001f000 r--p 0001d000 103:06 13239341                  /lib/x86_64-linux-gnu/libudev.so.1.6.4
7f1b4001f000-7f1b40020000 rw-p 0001e000 103:06 13239341                  /lib/x86_64-linux-gnu/libudev.so.1.6.4
7f1b40020000-7f1b40023000 ---p 00000000 00:00 0 
7f1b40023000-7f1b418c0000 rw-p 00000000 00:00 0 
7f1b418c0000-7f1b41a9a000 r--s 03d6c000 103:06 6030359                   /usr/lib/jvm/java-8-oracle/jre/lib/rt.jar
7f1b41a9a000-7f1b42050000 rw-p 00000000 00:00 0 
7f1b42050000-7f1b42310000 ---p 00000000 00:00 0 
7f1b42310000-7f1b42ad8000 rw-p 00000000 00:00 0 
7f1b42ad8000-7f1b42ad9000 ---p 00000000 00:00 0 
7f1b42ad9000-7f1b42bd9000 rw-p 00000000 00:00 0 
7f1b42bd9000-7f1b42bda000 ---p 00000000 00:00 0 
7f1b42bda000-7f1b42cda000 rw-p 00000000 00:00 0 
7f1b42cda000-7f1b42cdb000 ---p 00000000 00:00 0 
7f1b42cdb000-7f1b42ddb000 rw-p 00000000 00:00 0 
7f1b42ddb000-7f1b42ddc000 ---p 00000000 00:00 0 
7f1b42ddc000-7f1b42edc000 rw-p 00000000 00:00 0 
7f1b42edc000-7f1b42edd000 ---p 00000000 00:00 0 
7f1b42edd000-7f1b42fdd000 rw-p 00000000 00:00 0 
7f1b42fdd000-7f1b42fde000 ---p 00000000 00:00 0 
7f1b42fde000-7f1b430de000 rw-p 00000000 00:00 0 
7f1b430de000-7f1b430df000 ---p 00000000 00:00 0 
7f1b430df000-7f1b431df000 rw-p 00000000 00:00 0 
7f1b431df000-7f1b431e0000 ---p 00000000 00:00 0 
7f1b431e0000-7f1b43334000 rw-p 00000000 00:00 0 
7f1b43334000-7f1b43810000 ---p 00000000 00:00 0 
7f1b43810000-7f1b43864000 rw-p 00000000 00:00 0 
7f1b43864000-7f1b43d40000 ---p 00000000 00:00 0 
7f1b43d40000-7f1b43d6a000 rw-p 00000000 00:00 0 
7f1b43d6a000-7f1b43fd8000 ---p 00000000 00:00 0 
7f1b43fd8000-7f1b43fe3000 rw-p 00000000 00:00 0 
7f1b43fe3000-7f1b44399000 ---p 00000000 00:00 0 
7f1b44399000-7f1b44609000 rwxp 00000000 00:00 0 
7f1b44609000-7f1b53399000 ---p 00000000 00:00 0 
7f1b53399000-7f1b533b3000 r-xp 00000000 103:06 6030572                   /usr/lib/jvm/java-8-oracle/jre/lib/amd64/libzip.so
7f1b533b3000-7f1b535b3000 ---p 0001a000 103:06 6030572                   /usr/lib/jvm/java-8-oracle/jre/lib/amd64/libzip.so
7f1b535b3000-7f1b535b4000 r--p 0001a000 103:06 6030572                   /usr/lib/jvm/java-8-oracle/jre/lib/amd64/libzip.so
7f1b535b4000-7f1b535b5000 rw-p 0001b000 103:06 6030572                   /usr/lib/jvm/java-8-oracle/jre/lib/amd64/libzip.so
7f1b535b5000-7f1b535c0000 r-xp 00000000 103:06 13243074                  /lib/x86_64-linux-gnu/libnss_files-2.23.so
7f1b535c0000-7f1b537bf000 ---p 0000b000 103:06 13243074                  /lib/x86_64-linux-gnu/libnss_files-2.23.so
7f1b537bf000-7f1b537c0000 r--p 0000a000 103:06 13243074                  /lib/x86_64-linux-gnu/libnss_files-2.23.so
7f1b537c0000-7f1b537c1000 rw-p 0000b000 103:06 13243074                  /lib/x86_64-linux-gnu/libnss_files-2.23.so
7f1b537c1000-7f1b537c7000 rw-p 00000000 00:00 0 
7f1b537c7000-7f1b537d2000 r-xp 00000000 103:06 13243084                  /lib/x86_64-linux-gnu/libnss_nis-2.23.so
7f1b537d2000-7f1b539d1000 ---p 0000b000 103:06 13243084                  /lib/x86_64-linux-gnu/libnss_nis-2.23.so
7f1b539d1000-7f1b539d2000 r--p 0000a000 103:06 13243084                  /lib/x86_64-linux-gnu/libnss_nis-2.23.so
7f1b539d2000-7f1b539d3000 rw-p 0000b000 103:06 13243084                  /lib/x86_64-linux-gnu/libnss_nis-2.23.so
7f1b539d3000-7f1b539e9000 r-xp 00000000 103:06 13243068                  /lib/x86_64-linux-gnu/libnsl-2.23.so
7f1b539e9000-7f1b53be8000 ---p 00016000 103:06 13243068                  /lib/x86_64-linux-gnu/libnsl-2.23.so
7f1b53be8000-7f1b53be9000 r--p 00015000 103:06 13243068                  /lib/x86_64-linux-gnu/libnsl-2.23.so
7f1b53be9000-7f1b53bea000 rw-p 00016000 103:06 13243068                  /lib/x86_64-linux-gnu/libnsl-2.23.so
7f1b53bea000-7f1b53bec000 rw-p 00000000 00:00 0 
7f1b53bec000-7f1b53bf4000 r-xp 00000000 103:06 13243070                  /lib/x86_64-linux-gnu/libnss_compat-2.23.so
7f1b53bf4000-7f1b53df3000 ---p 00008000 103:06 13243070                  /lib/x86_64-linux-gnu/libnss_compat-2.23.so
7f1b53df3000-7f1b53df4000 r--p 00007000 103:06 13243070                  /lib/x86_64-linux-gnu/libnss_compat-2.23.so
7f1b53df4000-7f1b53df5000 rw-p 00008000 103:06 13243070                  /lib/x86_64-linux-gnu/libnss_compat-2.23.so
7f1b53df5000-7f1b53dff000 r-xp 00000000 103:06 6030581                   /usr/lib/jvm/java-8-oracle/jre/lib/amd64/libinstrument.so
7f1b53dff000-7f1b53ffe000 ---p 0000a000 103:06 6030581                   /usr/lib/jvm/java-8-oracle/jre/lib/amd64/libinstrument.so
7f1b53ffe000-7f1b53fff000 r--p 00009000 103:06 6030581                   /usr/lib/jvm/java-8-oracle/jre/lib/amd64/libinstrument.so
7f1b53fff000-7f1b54000000 rw-p 0000a000 103:06 6030581                   /usr/lib/jvm/java-8-oracle/jre/lib/amd64/libinstrument.so
7f1b54000000-7f1b545bb000 rw-p 00000000 00:00 0 
7f1b545bb000-7f1b58000000 ---p 00000000 00:00 0 
7f1b5800a000-7f1b58011000 r--s 00000000 103:06 134327                    /usr/lib/x86_64-linux-gnu/gconv/gconv-modules.cache
7f1b58011000-7f1b58016000 r--s 000a0000 103:06 6030416                   /usr/lib/jvm/java-8-oracle/jre/lib/jsse.jar
7f1b58016000-7f1b58029000 r--s 00345000 103:06 6030397                   /usr/lib/jvm/java-8-oracle/jre/lib/resources.jar
7f1b58029000-7f1b5803c000 r--s 000d6000 103:06 6030301                   /usr/lib/jvm/java-8-oracle/jre/lib/plugin.jar
7f1b5803c000-7f1b58069000 r-xp 00000000 103:06 6030566                   /usr/lib/jvm/java-8-oracle/jre/lib/amd64/libjava.so
7f1b58069000-7f1b58268000 ---p 0002d000 103:06 6030566                   /usr/lib/jvm/java-8-oracle/jre/lib/amd64/libjava.so
7f1b58268000-7f1b58269000 r--p 0002c000 103:06 6030566                   /usr/lib/jvm/java-8-oracle/jre/lib/amd64/libjava.so
7f1b58269000-7f1b5826b000 rw-p 0002d000 103:06 6030566                   /usr/lib/jvm/java-8-oracle/jre/lib/amd64/libjava.so
7f1b5826b000-7f1b58278000 r-xp 00000000 103:06 6030571                   /usr/lib/jvm/java-8-oracle/jre/lib/amd64/libverify.so
7f1b58278000-7f1b58477000 ---p 0000d000 103:06 6030571                   /usr/lib/jvm/java-8-oracle/jre/lib/amd64/libverify.so
7f1b58477000-7f1b58479000 r--p 0000c000 103:06 6030571                   /usr/lib/jvm/java-8-oracle/jre/lib/amd64/libverify.so
7f1b58479000-7f1b5847a000 rw-p 0000e000 103:06 6030571                   /usr/lib/jvm/java-8-oracle/jre/lib/amd64/libverify.so
7f1b5847a000-7f1b58481000 r-xp 00000000 103:06 13243129                  /lib/x86_64-linux-gnu/librt-2.23.so
7f1b58481000-7f1b58680000 ---p 00007000 103:06 13243129                  /lib/x86_64-linux-gnu/librt-2.23.so
7f1b58680000-7f1b58681000 r--p 00006000 103:06 13243129                  /lib/x86_64-linux-gnu/librt-2.23.so
7f1b58681000-7f1b58682000 rw-p 00007000 103:06 13243129                  /lib/x86_64-linux-gnu/librt-2.23.so
7f1b58682000-7f1b5878a000 r-xp 00000000 103:06 13243045                  /lib/x86_64-linux-gnu/libm-2.23.so
7f1b5878a000-7f1b58989000 ---p 00108000 103:06 13243045                  /lib/x86_64-linux-gnu/libm-2.23.so
7f1b58989000-7f1b5898a000 r--p 00107000 103:06 13243045                  /lib/x86_64-linux-gnu/libm-2.23.so
7f1b5898a000-7f1b5898b000 rw-p 00108000 103:06 13243045                  /lib/x86_64-linux-gnu/libm-2.23.so
7f1b5898b000-7f1b5966d000 r-xp 00000000 103:06 6030548                   /usr/lib/jvm/java-8-oracle/jre/lib/amd64/server/libjvm.so
7f1b5966d000-7f1b5986d000 ---p 00ce2000 103:06 6030548                   /usr/lib/jvm/java-8-oracle/jre/lib/amd64/server/libjvm.so
7f1b5986d000-7f1b59903000 r--p 00ce2000 103:06 6030548                   /usr/lib/jvm/java-8-oracle/jre/lib/amd64/server/libjvm.so
7f1b59903000-7f1b59934000 rw-p 00d78000 103:06 6030548                   /usr/lib/jvm/java-8-oracle/jre/lib/amd64/server/libjvm.so
7f1b59934000-7f1b5996f000 rw-p 00000000 00:00 0 
7f1b5996f000-7f1b59b2f000 r-xp 00000000 103:06 13242975                  /lib/x86_64-linux-gnu/libc-2.23.so
7f1b59b2f000-7f1b59d2f000 ---p 001c0000 103:06 13242975                  /lib/x86_64-linux-gnu/libc-2.23.so
7f1b59d2f000-7f1b59d33000 r--p 001c0000 103:06 13242975                  /lib/x86_64-linux-gnu/libc-2.23.so
7f1b59d33000-7f1b59d35000 rw-p 001c4000 103:06 13242975                  /lib/x86_64-linux-gnu/libc-2.23.so
7f1b59d35000-7f1b59d39000 rw-p 00000000 00:00 0 
7f1b59d39000-7f1b59d3c000 r-xp 00000000 103:06 13242999                  /lib/x86_64-linux-gnu/libdl-2.23.so
7f1b59d3c000-7f1b59f3b000 ---p 00003000 103:06 13242999                  /lib/x86_64-linux-gnu/libdl-2.23.so
7f1b59f3b000-7f1b59f3c000 r--p 00002000 103:06 13242999                  /lib/x86_64-linux-gnu/libdl-2.23.so
7f1b59f3c000-7f1b59f3d000 rw-p 00003000 103:06 13242999                  /lib/x86_64-linux-gnu/libdl-2.23.so
7f1b59f3d000-7f1b59f54000 r-xp 00000000 103:06 5923461                   /usr/lib/jvm/java-8-oracle/lib/amd64/jli/libjli.so
7f1b59f54000-7f1b5a153000 ---p 00017000 103:06 5923461                   /usr/lib/jvm/java-8-oracle/lib/amd64/jli/libjli.so
7f1b5a153000-7f1b5a154000 r--p 00016000 103:06 5923461                   /usr/lib/jvm/java-8-oracle/lib/amd64/jli/libjli.so
7f1b5a154000-7f1b5a155000 rw-p 00017000 103:06 5923461                   /usr/lib/jvm/java-8-oracle/lib/amd64/jli/libjli.so
7f1b5a155000-7f1b5a16d000 r-xp 00000000 103:06 13243121                  /lib/x86_64-linux-gnu/libpthread-2.23.so
7f1b5a16d000-7f1b5a36c000 ---p 00018000 103:06 13243121                  /lib/x86_64-linux-gnu/libpthread-2.23.so
7f1b5a36c000-7f1b5a36d000 r--p 00017000 103:06 13243121                  /lib/x86_64-linux-gnu/libpthread-2.23.so
7f1b5a36d000-7f1b5a36e000 rw-p 00018000 103:06 13243121                  /lib/x86_64-linux-gnu/libpthread-2.23.so
7f1b5a36e000-7f1b5a372000 rw-p 00000000 00:00 0 
7f1b5a372000-7f1b5a398000 r-xp 00000000 103:06 13242947                  /lib/x86_64-linux-gnu/ld-2.23.so
7f1b5a39c000-7f1b5a3a0000 r--s 00112000 103:06 13900871                  /home/kbisland/.m2/repository/net/java/dev/jna/jna/4.2.2/jna-4.2.2.jar
7f1b5a3a0000-7f1b5a449000 rw-p 00000000 00:00 0 
7f1b5a449000-7f1b5a44c000 ---p 00000000 00:00 0 
7f1b5a44c000-7f1b5a54f000 rw-p 00000000 00:00 0 
7f1b5a54f000-7f1b5a551000 r--s 0001a000 103:06 6571198                   /home/kbisland/Downloads/idea-IU-182.5107.16/lib/idea_rt.jar
7f1b5a551000-7f1b5a553000 r--s 00032000 103:06 13770210                  /home/kbisland/.m2/repository/org/hid4java/hid4java/0.5.0/hid4java-0.5.0.jar
7f1b5a553000-7f1b5a554000 r--s 00000000 103:06 6030283                   /usr/lib/jvm/java-8-oracle/jre/lib/management-agent.jar
7f1b5a554000-7f1b5a559000 r--s 000a0000 103:06 6030416                   /usr/lib/jvm/java-8-oracle/jre/lib/jsse.jar
7f1b5a559000-7f1b5a55b000 r--s 00007000 103:06 6030594                   /usr/lib/jvm/java-8-oracle/jre/lib/jfxswt.jar
7f1b5a55b000-7f1b5a560000 r--s 00084000 103:06 6030276                   /usr/lib/jvm/java-8-oracle/jre/lib/jfr.jar
7f1b5a560000-7f1b5a563000 r--s 0001a000 103:06 6030592                   /usr/lib/jvm/java-8-oracle/jre/lib/jce.jar
7f1b5a563000-7f1b5a56d000 r--s 0006e000 103:06 6030286                   /usr/lib/jvm/java-8-oracle/jre/lib/javaws.jar
7f1b5a56d000-7f1b5a588000 r--s 0020c000 103:06 6030277                   /usr/lib/jvm/java-8-oracle/jre/lib/deploy.jar
7f1b5a588000-7f1b5a58d000 r--s 002f9000 103:06 6030357                   /usr/lib/jvm/java-8-oracle/jre/lib/charsets.jar
7f1b5a58d000-7f1b5a595000 rw-s 00000000 103:06 8524629                   /tmp/hsperfdata_kbisland/22717
7f1b5a595000-7f1b5a596000 rw-p 00000000 00:00 0 
7f1b5a596000-7f1b5a597000 r--p 00000000 00:00 0 
7f1b5a597000-7f1b5a598000 r--p 00025000 103:06 13242947                  /lib/x86_64-linux-gnu/ld-2.23.so
7f1b5a598000-7f1b5a599000 rw-p 00026000 103:06 13242947                  /lib/x86_64-linux-gnu/ld-2.23.so
7f1b5a599000-7f1b5a59a000 rw-p 00000000 00:00 0 
7ffd62a25000-7ffd62a46000 rw-p 00000000 00:00 0                          [stack]
7ffd62bc7000-7ffd62bca000 r--p 00000000 00:00 0                          [vvar]
7ffd62bca000-7ffd62bcc000 r-xp 00000000 00:00 0                          [vdso]
ffffffffff600000-ffffffffff601000 r-xp 00000000 00:00 0                  [vsyscall]

VM Arguments:
jvm_args: -javaagent:/home/kbisland/Downloads/idea-IU-182.5107.16/lib/idea_rt.jar=38841:/home/kbisland/Downloads/idea-IU-182.5107.16/bin -Dfile.encoding=UTF-8 
java_command: HIDCommsTest
java_class_path (initial): /usr/lib/jvm/java-8-oracle/jre/lib/charsets.jar:/usr/lib/jvm/java-8-oracle/jre/lib/deploy.jar:/usr/lib/jvm/java-8-oracle/jre/lib/ext/cldrdata.jar:/usr/lib/jvm/java-8-oracle/jre/lib/ext/dnsns.jar:/usr/lib/jvm/java-8-oracle/jre/lib/ext/jaccess.jar:/usr/lib/jvm/java-8-oracle/jre/lib/ext/jfxrt.jar:/usr/lib/jvm/java-8-oracle/jre/lib/ext/localedata.jar:/usr/lib/jvm/java-8-oracle/jre/lib/ext/nashorn.jar:/usr/lib/jvm/java-8-oracle/jre/lib/ext/sunec.jar:/usr/lib/jvm/java-8-oracle/jre/lib/ext/sunjce_provider.jar:/usr/lib/jvm/java-8-oracle/jre/lib/ext/sunpkcs11.jar:/usr/lib/jvm/java-8-oracle/jre/lib/ext/zipfs.jar:/usr/lib/jvm/java-8-oracle/jre/lib/javaws.jar:/usr/lib/jvm/java-8-oracle/jre/lib/jce.jar:/usr/lib/jvm/java-8-oracle/jre/lib/jfr.jar:/usr/lib/jvm/java-8-oracle/jre/lib/jfxswt.jar:/usr/lib/jvm/java-8-oracle/jre/lib/jsse.jar:/usr/lib/jvm/java-8-oracle/jre/lib/management-agent.jar:/usr/lib/jvm/java-8-oracle/jre/lib/plugin.jar:/usr/lib/jvm/java-8-oracle/jre/lib/resources.jar:/usr/lib/jvm/java-8-oracle/jre/lib/rt.jar:/home/kbisland/SmallKatHIDComms/target/test-classes:/home/kbisland/SmallKatHIDComms/target/classes:/home/kbisland/.m2/repository/org/hid4java/hid4java/0.5.0/hid4java-0.5.0.jar:/home/kbisland/.m2/repository/net/java/dev/jna/jna/4.2.2/jna-4.2.2.jar:/home/kbisland/Downloads/idea-IU-182.5107.16/lib/idea_rt.jar
Launcher Type: SUN_STANDARD

Environment Variables:
JAVA_HOME=/usr/lib/jvm/java-8-oracle
PATH=/home/kbisland/bin:/home/kbisland/.local/bin:/usr/local/sbin:/usr/local/bin:/usr/sbin:/usr/bin:/sbin:/bin:/usr/games:/usr/local/games:/snap/bin:/usr/lib/jvm/java-8-oracle/bin:/usr/lib/jvm/java-8-oracle/db/bin:/usr/lib/jvm/java-8-oracle/jre/bin
SHELL=/bin/bash
DISPLAY=:0

Signal Handlers:
SIGSEGV: [libjvm.so+0xaced60], sa_mask[0]=11111111011111111101111111111110, sa_flags=SA_RESTART|SA_SIGINFO
SIGBUS: [libjvm.so+0xaced60], sa_mask[0]=11111111011111111101111111111110, sa_flags=SA_RESTART|SA_SIGINFO
SIGFPE: [libjvm.so+0x907ca0], sa_mask[0]=11111111011111111101111111111110, sa_flags=SA_RESTART|SA_SIGINFO
SIGPIPE: [libjvm.so+0x907ca0], sa_mask[0]=11111111011111111101111111111110, sa_flags=SA_RESTART|SA_SIGINFO
SIGXFSZ: [libjvm.so+0x907ca0], sa_mask[0]=11111111011111111101111111111110, sa_flags=SA_RESTART|SA_SIGINFO
SIGILL: [libjvm.so+0x907ca0], sa_mask[0]=11111111011111111101111111111110, sa_flags=SA_RESTART|SA_SIGINFO
SIGUSR1: SIG_DFL, sa_mask[0]=00000000000000000000000000000000, sa_flags=none
SIGUSR2: [libjvm.so+0x907b70], sa_mask[0]=00100000000000000000000000000000, sa_flags=SA_RESTART|SA_SIGINFO
SIGHUP: [libjvm.so+0x908190], sa_mask[0]=11111111011111111101111111111110, sa_flags=SA_RESTART|SA_SIGINFO
SIGINT: [libjvm.so+0x908190], sa_mask[0]=11111111011111111101111111111110, sa_flags=SA_RESTART|SA_SIGINFO
SIGTERM: [libjvm.so+0x908190], sa_mask[0]=11111111011111111101111111111110, sa_flags=SA_RESTART|SA_SIGINFO
SIGQUIT: [libjvm.so+0x908190], sa_mask[0]=11111111011111111101111111111110, sa_flags=SA_RESTART|SA_SIGINFO


---------------  S Y S T E M  ---------------

OS:DISTRIB_ID=Ubuntu
DISTRIB_RELEASE=16.04
DISTRIB_CODENAME=xenial
DISTRIB_DESCRIPTION="Ubuntu 16.04.5 LTS"

uname:Linux 4.18.15-041815-generic #201810180430 SMP Thu Oct 18 08:33:36 UTC 2018 x86_64
libc:glibc 2.23 NPTL 2.23 
rlimit: STACK 8192k, CORE 0k, NPROC 62739, NOFILE 1048576, AS infinity
load average:1.39 1.10 0.92

/proc/meminfo:
MemTotal:       16312180 kB
MemFree:         7269516 kB
MemAvailable:   10345572 kB
Buffers:          614648 kB
Cached:          2780172 kB
SwapCached:            0 kB
Active:          6566880 kB
Inactive:        1777748 kB
Active(anon):    4955444 kB
Inactive(anon):   334952 kB
Active(file):    1611436 kB
Inactive(file):  1442796 kB
Unevictable:         368 kB
Mlocked:             368 kB
SwapTotal:      16666620 kB
SwapFree:       16666620 kB
Dirty:              3900 kB
Writeback:             0 kB
AnonPages:       4950172 kB
Mapped:           886584 kB
Shmem:            340592 kB
Slab:             438496 kB
SReclaimable:     362332 kB
SUnreclaim:        76164 kB
KernelStack:       18016 kB
PageTables:        61436 kB
NFS_Unstable:          0 kB
Bounce:                0 kB
WritebackTmp:          0 kB
CommitLimit:    24822708 kB
Committed_AS:   16128108 kB
VmallocTotal:   34359738367 kB
VmallocUsed:           0 kB
VmallocChunk:          0 kB
HardwareCorrupted:     0 kB
AnonHugePages:         0 kB
ShmemHugePages:        0 kB
ShmemPmdMapped:        0 kB
CmaTotal:              0 kB
CmaFree:               0 kB
HugePages_Total:       0
HugePages_Free:        0
HugePages_Rsvd:        0
HugePages_Surp:        0
Hugepagesize:       2048 kB
Hugetlb:               0 kB
DirectMap4k:      354400 kB
DirectMap2M:    10018816 kB
DirectMap1G:     6291456 kB

container (cgroup) information:
container_type: cgroupv1
cpu_cpuset_cpus: 0-7
cpu_memory_nodes: 0
active_processor_count: 8
cpu_quota: -1
cpu_period: 100000
cpu_shares: -1
memory_limit_in_bytes: -1
memory_and_swap_limit_in_bytes: -2
memory_soft_limit_in_bytes: -1
memory_usage_in_bytes: 8545730560
memory_max_usage_in_bytes: 0


CPU:total 8 (initial active 8) (4 cores per cpu, 2 threads per core) family 6 model 142 stepping 10, cmov, cx8, fxsr, mmx, sse, sse2, sse3, ssse3, sse4.1, sse4.2, popcnt, avx, avx2, aes, clmul, erms, 3dnowpref, lzcnt, ht, tsc, tscinvbit, bmi1, bmi2, adx

/proc/cpuinfo:
processor	: 0
vendor_id	: GenuineIntel
cpu family	: 6
model		: 142
model name	: Intel(R) Core(TM) i7-8550U CPU @ 1.80GHz
stepping	: 10
microcode	: 0x96
cpu MHz		: 2124.792
cache size	: 8192 KB
physical id	: 0
siblings	: 8
core id		: 0
cpu cores	: 4
apicid		: 0
initial apicid	: 0
fpu		: yes
fpu_exception	: yes
cpuid level	: 22
wp		: yes
flags		: fpu vme de pse tsc msr pae mce cx8 apic sep mtrr pge mca cmov pat pse36 clflush dts acpi mmx fxsr sse sse2 ss ht tm pbe syscall nx pdpe1gb rdtscp lm constant_tsc art arch_perfmon pebs bts rep_good nopl xtopology nonstop_tsc cpuid aperfmperf tsc_known_freq pni pclmulqdq dtes64 monitor ds_cpl vmx est tm2 ssse3 sdbg fma cx16 xtpr pdcm pcid sse4_1 sse4_2 x2apic movbe popcnt tsc_deadline_timer aes xsave avx f16c rdrand lahf_lm abm 3dnowprefetch cpuid_fault epb invpcid_single pti ssbd ibrs ibpb stibp tpr_shadow vnmi flexpriority ept vpid fsgsbase tsc_adjust bmi1 avx2 smep bmi2 erms invpcid mpx rdseed adx smap clflushopt intel_pt xsaveopt xsavec xgetbv1 xsaves dtherm ida arat pln pts hwp hwp_notify hwp_act_window hwp_epp flush_l1d
bugs		: cpu_meltdown spectre_v1 spectre_v2 spec_store_bypass l1tf
bogomips	: 3984.00
clflush size	: 64
cache_alignment	: 64
address sizes	: 39 bits physical, 48 bits virtual
power management:

processor	: 1
vendor_id	: GenuineIntel
cpu family	: 6
model		: 142
model name	: Intel(R) Core(TM) i7-8550U CPU @ 1.80GHz
stepping	: 10
microcode	: 0x96
cpu MHz		: 2135.439
cache size	: 8192 KB
physical id	: 0
siblings	: 8
core id		: 1
cpu cores	: 4
apicid		: 2
initial apicid	: 2
fpu		: yes
fpu_exception	: yes
cpuid level	: 22
wp		: yes
flags		: fpu vme de pse tsc msr pae mce cx8 apic sep mtrr pge mca cmov pat pse36 clflush dts acpi mmx fxsr sse sse2 ss ht tm pbe syscall nx pdpe1gb rdtscp lm constant_tsc art arch_perfmon pebs bts rep_good nopl xtopology nonstop_tsc cpuid aperfmperf tsc_known_freq pni pclmulqdq dtes64 monitor ds_cpl vmx est tm2 ssse3 sdbg fma cx16 xtpr pdcm pcid sse4_1 sse4_2 x2apic movbe popcnt tsc_deadline_timer aes xsave avx f16c rdrand lahf_lm abm 3dnowprefetch cpuid_fault epb invpcid_single pti ssbd ibrs ibpb stibp tpr_shadow vnmi flexpriority ept vpid fsgsbase tsc_adjust bmi1 avx2 smep bmi2 erms invpcid mpx rdseed adx smap clflushopt intel_pt xsaveopt xsavec xgetbv1 xsaves dtherm ida arat pln pts hwp hwp_notify hwp_act_window hwp_epp flush_l1d
bugs		: cpu_meltdown spectre_v1 spectre_v2 spec_store_bypass l1tf
bogomips	: 3984.00
clflush size	: 64
cache_alignment	: 64
address sizes	: 39 bits physical, 48 bits virtual
power management:

processor	: 2
vendor_id	: GenuineIntel
cpu family	: 6
model		: 142
model name	: Intel(R) Core(TM) i7-8550U CPU @ 1.80GHz
stepping	: 10
microcode	: 0x96
cpu MHz		: 2205.261
cache size	: 8192 KB
physical id	: 0
siblings	: 8
core id		: 2
cpu cores	: 4
apicid		: 4
initial apicid	: 4
fpu		: yes
fpu_exception	: yes
cpuid level	: 22
wp		: yes
flags		: fpu vme de pse tsc msr pae mce cx8 apic sep mtrr pge mca cmov pat pse36 clflush dts acpi mmx fxsr sse sse2 ss ht tm pbe syscall nx pdpe1gb rdtscp lm constant_tsc art arch_perfmon pebs bts rep_good nopl xtopology nonstop_tsc cpuid aperfmperf tsc_known_freq pni pclmulqdq dtes64 monitor ds_cpl vmx est tm2 ssse3 sdbg fma cx16 xtpr pdcm pcid sse4_1 sse4_2 x2apic movbe popcnt tsc_deadline_timer aes xsave avx f16c rdrand lahf_lm abm 3dnowprefetch cpuid_fault epb invpcid_single pti ssbd ibrs ibpb stibp tpr_shadow vnmi flexpriority ept vpid fsgsbase tsc_adjust bmi1 avx2 smep bmi2 erms invpcid mpx rdseed adx smap clflushopt intel_pt xsaveopt xsavec xgetbv1 xsaves dtherm ida arat pln pts hwp hwp_notify hwp_act_window hwp_epp flush_l1d
bugs		: cpu_meltdown spectre_v1 spectre_v2 spec_store_bypass l1tf
bogomips	: 3984.00
clflush size	: 64
cache_alignment	: 64
address sizes	: 39 bits physical, 48 bits virtual
power management:

processor	: 3
vendor_id	: GenuineIntel
cpu family	: 6
model		: 142
model name	: Intel(R) Core(TM) i7-8550U CPU @ 1.80GHz
stepping	: 10
microcode	: 0x96
cpu MHz		: 2705.805
cache size	: 8192 KB
physical id	: 0
siblings	: 8
core id		: 3
cpu cores	: 4
apicid		: 6
initial apicid	: 6
fpu		: yes
fpu_exception	: yes
cpuid level	: 22
wp		: yes
flags		: fpu vme de pse tsc msr pae mce cx8 apic sep mtrr pge mca cmov pat pse36 clflush dts acpi mmx fxsr sse sse2 ss ht tm pbe syscall nx pdpe1gb rdtscp lm constant_tsc art arch_perfmon pebs bts rep_good nopl xtopology nonstop_tsc cpuid aperfmperf tsc_known_freq pni pclmulqdq dtes64 monitor ds_cpl vmx est tm2 ssse3 sdbg fma cx16 xtpr pdcm pcid sse4_1 sse4_2 x2apic movbe popcnt tsc_deadline_timer aes xsave avx f16c rdrand lahf_lm abm 3dnowprefetch cpuid_fault epb invpcid_single pti ssbd ibrs ibpb stibp tpr_shadow vnmi flexpriority ept vpid fsgsbase tsc_adjust bmi1 avx2 smep bmi2 erms invpcid mpx rdseed adx smap clflushopt intel_pt xsaveopt xsavec xgetbv1 xsaves dtherm ida arat pln pts hwp hwp_notify hwp_act_window hwp_epp flush_l1d
bugs		: cpu_meltdown spectre_v1 spectre_v2 spec_store_bypass l1tf
bogomips	: 3984.00
clflush size	: 64
cache_alignment	: 64
address sizes	: 39 bits physical, 48 bits virtual
power management:

processor	: 4
vendor_id	: GenuineIntel
cpu family	: 6
model		: 142
model name	: Intel(R) Core(TM) i7-8550U CPU @ 1.80GHz
stepping	: 10
microcode	: 0x96
cpu MHz		: 2692.260
cache size	: 8192 KB
physical id	: 0
siblings	: 8
core id		: 0
cpu cores	: 4
apicid		: 1
initial apicid	: 1
fpu		: yes
fpu_exception	: yes
cpuid level	: 22
wp		: yes
flags		: fpu vme de pse tsc msr pae mce cx8 apic sep mtrr pge mca cmov pat pse36 clflush dts acpi mmx fxsr sse sse2 ss ht tm pbe syscall nx pdpe1gb rdtscp lm constant_tsc art arch_perfmon pebs bts rep_good nopl xtopology nonstop_tsc cpuid aperfmperf tsc_known_freq pni pclmulqdq dtes64 monitor ds_cpl vmx est tm2 ssse3 sdbg fma cx16 xtpr pdcm pcid sse4_1 sse4_2 x2apic movbe popcnt tsc_deadline_timer aes xsave avx f16c rdrand lahf_lm abm 3dnowprefetch cpuid_fault epb invpcid_single pti ssbd ibrs ibpb stibp tpr_shadow vnmi flexpriority ept vpid fsgsbase tsc_adjust bmi1 avx2 smep bmi2 erms invpcid mpx rdseed adx smap clflushopt intel_pt xsaveopt xsavec xgetbv1 xsaves dtherm ida arat pln pts hwp hwp_notify hwp_act_window hwp_epp flush_l1d
bugs		: cpu_meltdown spectre_v1 spectre_v2 spec_store_bypass l1tf
bogomips	: 3984.00
clflush size	: 64
cache_alignment	: 64
address sizes	: 39 bits physical, 48 bits virtual
power management:

processor	: 5
vendor_id	: GenuineIntel
cpu family	: 6
model		: 142
model name	: Intel(R) Core(TM) i7-8550U CPU @ 1.80GHz
stepping	: 10
microcode	: 0x96
cpu MHz		: 2892.519
cache size	: 8192 KB
physical id	: 0
siblings	: 8
core id		: 1
cpu cores	: 4
apicid		: 3
initial apicid	: 3
fpu		: yes
fpu_exception	: yes
cpuid level	: 22
wp		: yes
flags		: fpu vme de pse tsc msr pae mce cx8 apic sep mtrr pge mca cmov pat pse36 clflush dts acpi mmx fxsr sse sse2 ss ht tm pbe syscall nx pdpe1gb rdtscp lm constant_tsc art arch_perfmon pebs bts rep_good nopl xtopology nonstop_tsc cpuid aperfmperf tsc_known_freq pni pclmulqdq dtes64 monitor ds_cpl vmx est tm2 ssse3 sdbg fma cx16 xtpr pdcm pcid sse4_1 sse4_2 x2apic movbe popcnt tsc_deadline_timer aes xsave avx f16c rdrand lahf_lm abm 3dnowprefetch cpuid_fault epb invpcid_single pti ssbd ibrs ibpb stibp tpr_shadow vnmi flexpriority ept vpid fsgsbase tsc_adjust bmi1 avx2 smep bmi2 erms invpcid mpx rdseed adx smap clflushopt intel_pt xsaveopt xsavec xgetbv1 xsaves dtherm ida arat pln pts hwp hwp_notify hwp_act_window hwp_epp flush_l1d
bugs		: cpu_meltdown spectre_v1 spectre_v2 spec_store_bypass l1tf
bogomips	: 3984.00
clflush size	: 64
cache_alignment	: 64
address sizes	: 39 bits physical, 48 bits virtual
power management:

processor	: 6
vendor_id	: GenuineIntel
cpu family	: 6
model		: 142
model name	: Intel(R) Core(TM) i7-8550U CPU @ 1.80GHz
stepping	: 10
microcode	: 0x96
cpu MHz		: 2285.910
cache size	: 8192 KB
physical id	: 0
siblings	: 8
core id		: 2
cpu cores	: 4
apicid		: 5
initial apicid	: 5
fpu		: yes
fpu_exception	: yes
cpuid level	: 22
wp		: yes
flags		: fpu vme de pse tsc msr pae mce cx8 apic sep mtrr pge mca cmov pat pse36 clflush dts acpi mmx fxsr sse sse2 ss ht tm pbe syscall nx pdpe1gb rdtscp lm constant_tsc art arch_perfmon pebs bts rep_good nopl xtopology nonstop_tsc cpuid aperfmperf tsc_known_freq pni pclmulqdq dtes64 monitor ds_cpl vmx est tm2 ssse3 sdbg fma cx16 xtpr pdcm pcid sse4_1 sse4_2 x2apic movbe popcnt tsc_deadline_timer aes xsave avx f16c rdrand lahf_lm abm 3dnowprefetch cpuid_fault epb invpcid_single pti ssbd ibrs ibpb stibp tpr_shadow vnmi flexpriority ept vpid fsgsbase tsc_adjust bmi1 avx2 smep bmi2 erms invpcid mpx rdseed adx smap clflushopt intel_pt xsaveopt xsavec xgetbv1 xsaves dtherm ida arat pln pts hwp hwp_notify hwp_act_window hwp_epp flush_l1d
bugs		: cpu_meltdown spectre_v1 spectre_v2 spec_store_bypass l1tf
bogomips	: 3984.00
clflush size	: 64
cache_alignment	: 64
address sizes	: 39 bits physical, 48 bits virtual
power management:

processor	: 7
vendor_id	: GenuineIntel
cpu family	: 6
model		: 142
model name	: Intel(R) Core(TM) i7-8550U CPU @ 1.80GHz
stepping	: 10
microcode	: 0x96
cpu MHz		: 2252.639
cache size	: 8192 KB
physical id	: 0
siblings	: 8
core id		: 3
cpu cores	: 4
apicid		: 7
initial apicid	: 7
fpu		: yes
fpu_exception	: yes
cpuid level	: 22
wp		: yes
flags		: fpu vme de pse tsc msr pae mce cx8 apic sep mtrr pge mca cmov pat pse36 clflush dts acpi mmx fxsr sse sse2 ss ht tm pbe syscall nx pdpe1gb rdtscp lm constant_tsc art arch_perfmon pebs bts rep_good nopl xtopology nonstop_tsc cpuid aperfmperf tsc_known_freq pni pclmulqdq dtes64 monitor ds_cpl vmx est tm2 ssse3 sdbg fma cx16 xtpr pdcm pcid sse4_1 sse4_2 x2apic movbe popcnt tsc_deadline_timer aes xsave avx f16c rdrand lahf_lm abm 3dnowprefetch cpuid_fault epb invpcid_single pti ssbd ibrs ibpb stibp tpr_shadow vnmi flexpriority ept vpid fsgsbase tsc_adjust bmi1 avx2 smep bmi2 erms invpcid mpx rdseed adx smap clflushopt intel_pt xsaveopt xsavec xgetbv1 xsaves dtherm ida arat pln pts hwp hwp_notify hwp_act_window hwp_epp flush_l1d
bugs		: cpu_meltdown spectre_v1 spectre_v2 spec_store_bypass l1tf
bogomips	: 3984.00
clflush size	: 64
cache_alignment	: 64
address sizes	: 39 bits physical, 48 bits virtual
power management:



Memory: 4k page, physical 16312180k(7300716k free), swap 16666620k(16666620k free)

vm_info: Java HotSpot(TM) 64-Bit Server VM (25.191-b12) for linux-amd64 JRE (1.8.0_191-b12), built on Oct  6 2018 05:43:09 by "java_re" with gcc 7.3.0

time: Thu Jan 10 17:52:43 2019
elapsed time: 33 seconds (0d 0h 0m 33s)

